2014-08-11 15:05:33.136 test1[10580:70b] Multi-tasking -> Device: YES, App: YES
2014-08-11 15:05:33.142 test1[10580:70b] Unlimited access to network resources
2014-08-11 15:05:33.144 test1[10580:70b] 

Started backup to iCloud! Please be careful.
Your application might rejected by Apple if you store too much data.
For more information please read "iOS Data Storage Guidelines"
You could find it at the following address https://developer.apple.com/icloud/documentation/data-storage/ .

2014-08-11 15:05:33.264 test1[10580:70b] Resetting plugins due to page load.
2014-08-11 15:05:33.376 test1[10580:70b] Finished load of: file:///Users/liming/Library/Application%20Support/iPhone%20Simulator/7.1/Applications/4DE53BC2-8A25-4E96-AD2E-52BA3BED0ACC/test1.app/www/index.html
2014-08-11 15:05:33.420 test1[10580:70b] setOptions
2014-08-11 15:05:33.420 test1[10580:70b] createBanner
2014-08-11 15:05:33.425 test1[10580:70b] <Google> To get test ads on this device, call: request.testDevices = @[ GAD_SIMULATOR_ID ];
2014-08-11 15:06:01.031 test1[10580:70b] removeBanner
2014-08-11 15:06:01.046 test1[10580:70b] THREAD WARNING: ['AdMob'] took '15.116943' ms. Plugin should use a background thread.
2014-08-11 15:06:24.306 test1[10580:70b] Received memory warning.
2014-08-11 15:07:00.548 test1[10790:70b] Multi-tasking -> Device: YES, App: YES
2014-08-11 15:07:00.553 test1[10790:70b] Unlimited access to network resources
2014-08-11 15:07:00.555 test1[10790:70b] 

Started backup to iCloud! Please be careful.
Your application might rejected by Apple if you store too much data.
For more information please read "iOS Data Storage Guidelines"
You could find it at the following address https://developer.apple.com/icloud/documentation/data-storage/ .

2014-08-11 15:07:00.638 test1[10790:70b] Resetting plugins due to page load.
2014-08-11 15:07:00.751 test1[10790:70b] Finished load of: file:///Users/liming/Library/Application%20Support/iPhone%20Simulator/7.1/Applications/4DE53BC2-8A25-4E96-AD2E-52BA3BED0ACC/test1.app/www/index.html
2014-08-11 15:07:00.771 test1[10790:70b] setOptions
2014-08-11 15:07:00.771 test1[10790:70b] createBanner
2014-08-11 15:07:00.776 test1[10790:70b] <Google> To get test ads on this device, call: request.testDevices = @[ GAD_SIMULATOR_ID ];
2014-08-11 15:08:12.617 test1[10790:70b] removeBanner
2014-08-11 15:08:13.640 test1[10790:70b] removeBanner
